Thu Nov 29 23:52:35 CET 2018 : Servidor de red Apache Derby: Se ha iniciado 10.11.1.2 - (1629631) y está listo para aceptar las conexiones en el puerto 1527
----------------------------------------------------------------
Thu Nov 29 23:53:38 CET 2018:
 Iniciando instancia a816c00e-0167-61ac-836f-ffffbaf54d02 de Derby, versión The Apache Software Foundation - Apache Derby - 10.11.1.2 - (1629631): 
en el directorio de base de datos C:\Users\rando\OneDrive\Documents\GitHub\FIB-AD\Laboratori\DataBases\fotOK con el cargador de clases sun.misc.Launcher$AppClassLoader@144bcfa
Cargado desde file:/C:/Program%20Files%20(x86)/Java/jdk1.8.0_171/db/lib/derby.jar
java.vendor=Oracle Corporation
java.runtime.version=1.8.0_171-b11
user.dir=c:\Program Files (x86)\Java\jdk1.8.0_171\db
os.name=Windows 10
os.arch=x86
os.version=10.0
derby.system.home=C:\Users\rando\OneDrive\Documents\GitHub\FIB-AD\Laboratori\DataBases
Cargador de clases de base de datos iniciado - derby.database.classpath=''
----------------------------------------------------------------
Fri Nov 30 00:54:51 CET 2018: cerrando motor de Derby
----------------------------------------------------------------
Fri Nov 30 00:54:51 CET 2018:
Cerrando la instancia a816c00e-0167-61ac-836f-ffffbaf54d02 en el directorio de base de datos C:\Users\rando\OneDrive\Documents\GitHub\FIB-AD\Laboratori\DataBases\fotOK con cargador de clases sun.misc.Launcher$AppClassLoader@144bcfa
----------------------------------------------------------------
