Tue Oct 09 08:08:13 CEST 2018 : Apache Derby Network Server - 10.10.2.0 - (1582446) started and ready to accept connections on port 1527
----------------------------------------------------------------
Tue Oct 09 08:08:13 CEST 2018:
Booting Derby version The Apache Software Foundation - Apache Derby - 10.10.2.0 - (1582446): instance a816c00e-0166-5770-aa49-00002d170ac7 
on database directory /Users/marccasellas/Documents/GitHub/FIB-AD/Laboratori/P2/WAP1/fotOK with class loader sun.misc.Launcher$AppClassLoader@6f94fa3e 
Loaded from file:/Applications/NetBeans/glassfish-4.1.1/javadb/lib/derby.jar
java.vendor=Oracle Corporation
java.runtime.version=1.8.0_181-b13
user.dir=/Applications/NetBeans/glassfish-4.1.1/javadb
os.name=Mac OS X
os.arch=x86_64
os.version=10.14
derby.system.home=/Users/marccasellas/Documents/GitHub/FIB-AD/Laboratori/P2/WAP1
Database Class Loader started - derby.database.classpath=''
----------------------------------------------------------------
Tue Oct 09 08:08:15 CEST 2018:
Shutting down instance a816c00e-0166-5770-aa49-00002d170ac7 on database directory /Users/marccasellas/Documents/GitHub/FIB-AD/Laboratori/P2/WAP1/fotOK with class loader sun.misc.Launcher$AppClassLoader@6f94fa3e 
Tue Oct 09 08:08:15 CEST 2018 Thread[DRDAConnThread_3,5,main] (DATABASE = fotOK), (DRDAID = {2}), Database 'fotOK' shutdown.
----------------------------------------------------------------
Tue Oct 09 08:10:12 CEST 2018:
Booting Derby version The Apache Software Foundation - Apache Derby - 10.10.2.0 - (1582446): instance 560740aa-0166-5770-aa49-00002d170ac7 
on database directory /Users/marccasellas/Documents/GitHub/FIB-AD/Laboratori/P2/WAP1/fotOK with class loader sun.misc.Launcher$AppClassLoader@6f94fa3e 
Loaded from file:/Applications/NetBeans/glassfish-4.1.1/javadb/lib/derby.jar
java.vendor=Oracle Corporation
java.runtime.version=1.8.0_181-b13
user.dir=/Applications/NetBeans/glassfish-4.1.1/javadb
os.name=Mac OS X
os.arch=x86_64
os.version=10.14
derby.system.home=/Users/marccasellas/Documents/GitHub/FIB-AD/Laboratori/P2/WAP1
Database Class Loader started - derby.database.classpath=''
